<?xml version="1.0" encoding="UTF-8"?>
<testng-results skipped="0" failed="0" ignored="0" total="1" passed="1">
  <reporter-output>
  </reporter-output>
  <suite name="Default suite" duration-ms="47" started-at="2018-05-06T17:44:01Z" finished-at="2018-05-06T17:44:01Z">
    <groups>
    </groups>
    <test name="Default test" duration-ms="47" started-at="2018-05-06T17:44:01Z" finished-at="2018-05-06T17:44:01Z">
      <class name="MavenProject.UpsTest">
        <test-method status="PASS" signature="f()[pri:0, instance:MavenProject.UpsTest@14acaea5]" name="f" duration-ms="0" started-at="2018-05-06T17:44:01Z" finished-at="2018-05-06T17:44:01Z">
          <reporter-output>
          </reporter-output>
        </test-method> <!-- f -->
        <test-method status="PASS" signature="beforeMethod()[pri:0, instance:MavenProject.UpsTest@14acaea5]" name="beforeMethod" is-config="true" duration-ms="0" started-at="2018-05-06T17:44:01Z" finished-at="2018-05-06T17:44:01Z">
          <reporter-output>
          </reporter-output>
        </test-method> <!-- beforeMethod -->
        <test-method status="PASS" signature="afterMethod()[pri:0, instance:MavenProject.UpsTest@14acaea5]" name="afterMethod" is-config="true" duration-ms="0" started-at="2018-05-06T17:44:01Z" finished-at="2018-05-06T17:44:01Z">
          <reporter-output>
          </reporter-output>
        </test-method> <!-- afterMethod -->
      </class> <!-- MavenProject.UpsTest -->
    </test> <!-- Default test -->
  </suite> <!-- Default suite -->
</testng-results>
